[debug] [2023-06-24T13:14:21.095Z] ----------------------------------------------------------------------
[debug] [2023-06-24T13:14:21.097Z] Command:       C:\Program Files\nodejs\node.exe C:\Users\nicho\AppData\Roaming\npm\node_modules\firebase-tools\lib\bin\firebase.js deploy
[debug] [2023-06-24T13:14:21.097Z] CLI Version:   12.4.0
[debug] [2023-06-24T13:14:21.097Z] Platform:      win32
[debug] [2023-06-24T13:14:21.098Z] Node Version:  v18.16.0
[debug] [2023-06-24T13:14:21.098Z] Time:          Sat Jun 24 2023 21:14:21 GMT+0800 (Singapore Standard Time)
[debug] [2023-06-24T13:14:21.098Z] ----------------------------------------------------------------------
[debug] 
[debug] [2023-06-24T13:14:21.160Z] > command requires scopes: ["email","openid","https://www.googleapis.com/auth/cloudplatformprojects.readonly","https://www.googleapis.com/auth/firebase","https://www.googleapis.com/auth/cloud-platform"]
[debug] [2023-06-24T13:14:21.160Z] > authorizing via signed-in user (nicholaschiazhijie@gmail.com)
[debug] [2023-06-24T13:14:21.160Z] [iam] checking project purple-dog-orbital-backend for permissions ["cloudfunctions.functions.create","cloudfunctions.functions.delete","cloudfunctions.functions.get","cloudfunctions.functions.list","cloudfunctions.functions.update","cloudfunctions.operations.get","firebase.projects.get"]
[debug] [2023-06-24T13:14:21.162Z] >>> [apiv2][query] POST https://cloudresourcemanager.googleapis.com/v1/projects/purple-dog-orbital-backend:testIamPermissions [none]
[debug] [2023-06-24T13:14:21.162Z] >>> [apiv2][(partial)header] POST https://cloudresourcemanager.googleapis.com/v1/projects/purple-dog-orbital-backend:testIamPermissions x-goog-quota-user=projects/purple-dog-orbital-backend
[debug] [2023-06-24T13:14:21.163Z] >>> [apiv2][body] POST https://cloudresourcemanager.googleapis.com/v1/projects/purple-dog-orbital-backend:testIamPermissions {"permissions":["cloudfunctions.functions.create","cloudfunctions.functions.delete","cloudfunctions.functions.get","cloudfunctions.functions.list","cloudfunctions.functions.update","cloudfunctions.operations.get","firebase.projects.get"]}
[debug] [2023-06-24T13:14:22.299Z] <<< [apiv2][status] POST https://cloudresourcemanager.googleapis.com/v1/projects/purple-dog-orbital-backend:testIamPermissions 200
[debug] [2023-06-24T13:14:22.299Z] <<< [apiv2][body] POST https://cloudresourcemanager.googleapis.com/v1/projects/purple-dog-orbital-backend:testIamPermissions {"permissions":["cloudfunctions.functions.create","cloudfunctions.functions.delete","cloudfunctions.functions.get","cloudfunctions.functions.list","cloudfunctions.functions.update","cloudfunctions.operations.get","firebase.projects.get"]}
[debug] [2023-06-24T13:14:22.300Z] >>> [apiv2][query] POST https://iam.googleapis.com/v1/projects/purple-dog-orbital-backend/serviceAccounts/purple-dog-orbital-backend@appspot.gserviceaccount.com:testIamPermissions [none]
[debug] [2023-06-24T13:14:22.301Z] >>> [apiv2][body] POST https://iam.googleapis.com/v1/projects/purple-dog-orbital-backend/serviceAccounts/purple-dog-orbital-backend@appspot.gserviceaccount.com:testIamPermissions {"permissions":["iam.serviceAccounts.actAs"]}
[debug] [2023-06-24T13:14:22.789Z] <<< [apiv2][status] POST https://iam.googleapis.com/v1/projects/purple-dog-orbital-backend/serviceAccounts/purple-dog-orbital-backend@appspot.gserviceaccount.com:testIamPermissions 200
[debug] [2023-06-24T13:14:22.789Z] <<< [apiv2][body] POST https://iam.googleapis.com/v1/projects/purple-dog-orbital-backend/serviceAccounts/purple-dog-orbital-backend@appspot.gserviceaccount.com:testIamPermissions {"permissions":["iam.serviceAccounts.actAs"]}
[info] 
[info] === Deploying to 'purple-dog-orbital-backend'...
[info] 
[info] i  deploying functions 
[debug] [2023-06-24T13:14:22.795Z] >>> [apiv2][query] GET https://firebase.googleapis.com/v1beta1/projects/purple-dog-orbital-backend [none]
[debug] [2023-06-24T13:14:23.098Z] <<< [apiv2][status] GET https://firebase.googleapis.com/v1beta1/projects/purple-dog-orbital-backend 200
[debug] [2023-06-24T13:14:23.098Z] <<< [apiv2][body] GET https://firebase.googleapis.com/v1beta1/projects/purple-dog-orbital-backend {"projectId":"purple-dog-orbital-backend","projectNumber":"867396195099","displayName":"Purple Dog Orbital Backend","name":"projects/purple-dog-orbital-backend","resources":{"hostingSite":"purple-dog-orbital-backend"},"state":"ACTIVE","etag":"1_3dd055e8-144f-48fd-9054-84f29eb318cb"}
[info] i  functions: preparing codebase default for deployment 
[info] i  functions: ensuring required API cloudfunctions.googleapis.com is enabled... 
[info] i  functions: ensuring required API cloudbuild.googleapis.com is enabled... 
[info] i  artifactregistry: ensuring required API artifactregistry.googleapis.com is enabled... 
[debug] [2023-06-24T13:14:23.103Z] >>> [apiv2][query] GET https://serviceusage.googleapis.com/v1/projects/purple-dog-orbital-backend/services/cloudfunctions.googleapis.com [none]
[debug] [2023-06-24T13:14:23.103Z] >>> [apiv2][(partial)header] GET https://serviceusage.googleapis.com/v1/projects/purple-dog-orbital-backend/services/cloudfunctions.googleapis.com x-goog-quota-user=projects/purple-dog-orbital-backend
[debug] [2023-06-24T13:14:23.107Z] >>> [apiv2][query] GET https://serviceusage.googleapis.com/v1/projects/purple-dog-orbital-backend/services/runtimeconfig.googleapis.com [none]
[debug] [2023-06-24T13:14:23.107Z] >>> [apiv2][(partial)header] GET https://serviceusage.googleapis.com/v1/projects/purple-dog-orbital-backend/services/runtimeconfig.googleapis.com x-goog-quota-user=projects/purple-dog-orbital-backend
[debug] [2023-06-24T13:14:23.108Z] >>> [apiv2][query] GET https://serviceusage.googleapis.com/v1/projects/purple-dog-orbital-backend/services/cloudbuild.googleapis.com [none]
[debug] [2023-06-24T13:14:23.108Z] >>> [apiv2][(partial)header] GET https://serviceusage.googleapis.com/v1/projects/purple-dog-orbital-backend/services/cloudbuild.googleapis.com x-goog-quota-user=projects/purple-dog-orbital-backend
[debug] [2023-06-24T13:14:23.110Z] >>> [apiv2][query] GET https://serviceusage.googleapis.com/v1/projects/purple-dog-orbital-backend/services/artifactregistry.googleapis.com [none]
[debug] [2023-06-24T13:14:23.110Z] >>> [apiv2][(partial)header] GET https://serviceusage.googleapis.com/v1/projects/purple-dog-orbital-backend/services/artifactregistry.googleapis.com x-goog-quota-user=projects/purple-dog-orbital-backend
[debug] [2023-06-24T13:14:24.455Z] <<< [apiv2][status] GET https://serviceusage.googleapis.com/v1/projects/purple-dog-orbital-backend/services/artifactregistry.googleapis.com 200
[debug] [2023-06-24T13:14:24.455Z] <<< [apiv2][body] GET https://serviceusage.googleapis.com/v1/projects/purple-dog-orbital-backend/services/artifactregistry.googleapis.com [omitted]
[info] +  artifactregistry: required API artifactregistry.googleapis.com is enabled 
[debug] [2023-06-24T13:14:24.457Z] <<< [apiv2][status] GET https://serviceusage.googleapis.com/v1/projects/purple-dog-orbital-backend/services/cloudbuild.googleapis.com 200
[debug] [2023-06-24T13:14:24.457Z] <<< [apiv2][body] GET https://serviceusage.googleapis.com/v1/projects/purple-dog-orbital-backend/services/cloudbuild.googleapis.com [omitted]
[info] +  functions: required API cloudbuild.googleapis.com is enabled 
[debug] [2023-06-24T13:14:24.459Z] <<< [apiv2][status] GET https://serviceusage.googleapis.com/v1/projects/purple-dog-orbital-backend/services/runtimeconfig.googleapis.com 200
[debug] [2023-06-24T13:14:24.459Z] <<< [apiv2][body] GET https://serviceusage.googleapis.com/v1/projects/purple-dog-orbital-backend/services/runtimeconfig.googleapis.com [omitted]
[debug] [2023-06-24T13:14:24.506Z] <<< [apiv2][status] GET https://serviceusage.googleapis.com/v1/projects/purple-dog-orbital-backend/services/cloudfunctions.googleapis.com 200
[debug] [2023-06-24T13:14:24.506Z] <<< [apiv2][body] GET https://serviceusage.googleapis.com/v1/projects/purple-dog-orbital-backend/services/cloudfunctions.googleapis.com [omitted]
[info] +  functions: required API cloudfunctions.googleapis.com is enabled 
[debug] [2023-06-24T13:14:24.506Z] >>> [apiv2][query] GET https://firebase.googleapis.com/v1beta1/projects/purple-dog-orbital-backend/adminSdkConfig [none]
[debug] [2023-06-24T13:14:24.803Z] <<< [apiv2][status] GET https://firebase.googleapis.com/v1beta1/projects/purple-dog-orbital-backend/adminSdkConfig 200
[debug] [2023-06-24T13:14:24.804Z] <<< [apiv2][body] GET https://firebase.googleapis.com/v1beta1/projects/purple-dog-orbital-backend/adminSdkConfig {"projectId":"purple-dog-orbital-backend","storageBucket":"purple-dog-orbital-backend.appspot.com"}
[debug] [2023-06-24T13:14:24.804Z] >>> [apiv2][query] GET https://runtimeconfig.googleapis.com/v1beta1/projects/purple-dog-orbital-backend/configs [none]
[debug] [2023-06-24T13:14:25.148Z] <<< [apiv2][status] GET https://runtimeconfig.googleapis.com/v1beta1/projects/purple-dog-orbital-backend/configs 200
[debug] [2023-06-24T13:14:25.148Z] <<< [apiv2][body] GET https://runtimeconfig.googleapis.com/v1beta1/projects/purple-dog-orbital-backend/configs {}
[debug] [2023-06-24T13:14:25.150Z] Validating nodejs source
[debug] [2023-06-24T13:14:26.592Z] > [functions] package.json contents: {
  "name": "functions",
  "description": "Cloud Functions for Firebase",
  "scripts": {
    "serve": "firebase emulators:start --only functions",
    "shell": "firebase functions:shell",
    "start": "npm run shell",
    "deploy": "firebase deploy --only functions",
    "logs": "firebase functions:log"
  },
  "engines": {
    "node": "18"
  },
  "main": "index.js",
  "dependencies": {
    "@datastructures-js/priority-queue": "^6.3.0",
    "body-parser": "^1.20.2",
    "cors": "^2.8.5",
    "crypto": "^1.0.1",
    "dotenv": "^16.0.3",
    "express": "^4.18.2",
    "firebase-admin": "^11.8.0",
    "firebase-functions": "^4.4.1",
    "js-priority-queue": "^0.1.5",
    "jsonwebtoken": "^9.0.0",
    "luxon": "^3.3.0",
    "mysql2": "^3.3.5",
    "sequelize": "^6.32.0"
  },
  "devDependencies": {
    "firebase-functions-test": "^3.1.0"
  },
  "private": true
}
[debug] [2023-06-24T13:14:26.592Z] Building nodejs source
[debug] [2023-06-24T13:14:26.593Z] Could not find functions.yaml. Must use http discovery
[debug] [2023-06-24T13:14:26.598Z] Found firebase-functions binary at 'C:\Users\nicho\OneDrive\Documents\GitHub\UWUbital-Backend\functions\node_modules\.bin\firebase-functions'
[debug] [2023-06-24T13:14:26.775Z] Serving at port 8364

[debug] [2023-06-24T13:14:27.374Z] Got response from /__/functions.yaml {"endpoints":{"app":{"platform":"gcfv1","availableMemoryMb":null,"timeoutSeconds":null,"minInstances":null,"maxInstances":null,"ingressSettings":null,"serviceAccountEmail":null,"vpc":null,"httpsTrigger":{},"entryPoint":"app"}},"specVersion":"v1alpha1","requiredAPIs":[]}
[debug] [2023-06-24T13:14:27.385Z] shutdown requested via /__/quitquitquit

[info] i  functions: preparing functions directory for uploading... 
[info] i  functions: packaged C:\Users\nicho\OneDrive\Documents\GitHub\UWUbital-Backend\functions (99.6 KB) for uploading 
[debug] [2023-06-24T13:14:37.546Z] >>> [apiv2][query] GET https://cloudfunctions.googleapis.com/v1/projects/purple-dog-orbital-backend/locations/-/functions [none]
[debug] [2023-06-24T13:14:38.144Z] <<< [apiv2][status] GET https://cloudfunctions.googleapis.com/v1/projects/purple-dog-orbital-backend/locations/-/functions 200
[debug] [2023-06-24T13:14:38.144Z] <<< [apiv2][body] GET https://cloudfunctions.googleapis.com/v1/projects/purple-dog-orbital-backend/locations/-/functions {"functions":[{"name":"projects/purple-dog-orbital-backend/locations/us-central1/functions/app","httpsTrigger":{"url":"https://us-central1-purple-dog-orbital-backend.cloudfunctions.net/app","securityLevel":"SECURE_ALWAYS"},"status":"ACTIVE","entryPoint":"app","timeout":"60s","availableMemoryMb":256,"serviceAccountEmail":"purple-dog-orbital-backend@appspot.gserviceaccount.com","updateTime":"2023-06-16T12:12:05.218Z","versionId":"6","labels":{"deployment-tool":"cli-firebase","firebase-functions-hash":"13cd25a109b43c6ada69bc05c4257b0e6b189807"},"sourceUploadUrl":"https://storage.googleapis.com/uploads-873244595808.us-central1.cloudfunctions.appspot.com/a9fccf99-ecf9-49e0-9450-e504fb7e317e.zip","environmentVariables":{"FIREBASE_CONFIG":"{\"projectId\":\"purple-dog-orbital-backend\",\"storageBucket\":\"purple-dog-orbital-backend.appspot.com\"}","GCLOUD_PROJECT":"purple-dog-orbital-backend","EVENTARC_CLOUD_EVENT_SOURCE":"projects/purple-dog-orbital-backend/locations/us-central1/functions/app"},"runtime":"nodejs18","ingressSettings":"ALLOW_ALL","buildId":"a36739d2-45f1-4962-a3f4-7dc56cb168cf","buildEnvironmentVariables":{"GOOGLE_NODE_RUN_SCRIPTS":""},"buildName":"projects/867396195099/locations/us-central1/builds/a36739d2-45f1-4962-a3f4-7dc56cb168cf","dockerRegistry":"ARTIFACT_REGISTRY"}]}
[debug] [2023-06-24T13:14:38.146Z] >>> [apiv2][query] GET https://cloudfunctions.googleapis.com/v2/projects/purple-dog-orbital-backend/locations/-/functions filter=environment%3D%22GEN_2%22
[debug] [2023-06-24T13:14:39.610Z] <<< [apiv2][status] GET https://cloudfunctions.googleapis.com/v2/projects/purple-dog-orbital-backend/locations/-/functions 200
[debug] [2023-06-24T13:14:39.611Z] <<< [apiv2][body] GET https://cloudfunctions.googleapis.com/v2/projects/purple-dog-orbital-backend/locations/-/functions {}
[debug] [2023-06-24T13:14:39.616Z] >>> [apiv2][query] GET https://firebase.googleapis.com/v1beta1/projects/purple-dog-orbital-backend [none]
[debug] [2023-06-24T13:14:40.125Z] <<< [apiv2][status] GET https://firebase.googleapis.com/v1beta1/projects/purple-dog-orbital-backend 200
[debug] [2023-06-24T13:14:40.125Z] <<< [apiv2][body] GET https://firebase.googleapis.com/v1beta1/projects/purple-dog-orbital-backend {"projectId":"purple-dog-orbital-backend","projectNumber":"867396195099","displayName":"Purple Dog Orbital Backend","name":"projects/purple-dog-orbital-backend","resources":{"hostingSite":"purple-dog-orbital-backend"},"state":"ACTIVE","etag":"1_3dd055e8-144f-48fd-9054-84f29eb318cb"}
[debug] [2023-06-24T13:14:40.127Z] >>> [apiv2][query] POST https://cloudfunctions.googleapis.com/v1/projects/purple-dog-orbital-backend/locations/us-central1/functions:generateUploadUrl [none]
[debug] [2023-06-24T13:14:40.128Z] >>> [apiv2][body] POST https://cloudfunctions.googleapis.com/v1/projects/purple-dog-orbital-backend/locations/us-central1/functions:generateUploadUrl {}
[debug] [2023-06-24T13:14:40.738Z] <<< [apiv2][status] POST https://cloudfunctions.googleapis.com/v1/projects/purple-dog-orbital-backend/locations/us-central1/functions:generateUploadUrl 200
[debug] [2023-06-24T13:14:40.739Z] <<< [apiv2][body] POST https://cloudfunctions.googleapis.com/v1/projects/purple-dog-orbital-backend/locations/us-central1/functions:generateUploadUrl {"uploadUrl":"https://storage.googleapis.com/uploads-873244595808.us-central1.cloudfunctions.appspot.com/d1fb13b1-25bd-4465-a0a0-10515371164e.zip?GoogleAccessId=service-867396195099@gcf-admin-robot.iam.gserviceaccount.com&Expires=1687614280&Signature=YT7rQTm4k6xoYiBZ%2FoXmWa6pED8TJRkZyUIkYtaXmW7saI6DQ2kvuHCMFZ5x5Xky%2B4bUQNwwp0etMKkEXLR1me4W3DYvG%2BhadyyIXIafIrj5vIKcfOWKwrBQlezqtUOjfkLO7WKYIUlUTfw%2BLBbZ6QWhvxQVXWlp21XGiYlJaVdgwGYTS%2Fk1fnZ44XbMuys81owxChAaxnbrsRJKGRMxSqxQ46ntkKVND03kj2eS78ZVulZnwjIFEe7Sobt0Aq0%2BFBUC%2BnxPtVozWp54dredm%2B6NpB6rdod4n0xLEt7Q%2Ftcu%2Fw1vfufNxhEVs%2FJ4v5odA3BfuUXqZDHI0a5B%2F65e1Q%3D%3D"}
[debug] [2023-06-24T13:14:40.740Z] >>> [apiv2][query] PUT https://storage.googleapis.com/uploads-873244595808.us-central1.cloudfunctions.appspot.com/d1fb13b1-25bd-4465-a0a0-10515371164e.zip GoogleAccessId=service-867396195099%40gcf-admin-robot.iam.gserviceaccount.com&Expires=1687614280&Signature=YT7rQTm4k6xoYiBZ%2FoXmWa6pED8TJRkZyUIkYtaXmW7saI6DQ2kvuHCMFZ5x5Xky%2B4bUQNwwp0etMKkEXLR1me4W3DYvG%2BhadyyIXIafIrj5vIKcfOWKwrBQlezqtUOjfkLO7WKYIUlUTfw%2BLBbZ6QWhvxQVXWlp21XGiYlJaVdgwGYTS%2Fk1fnZ44XbMuys81owxChAaxnbrsRJKGRMxSqxQ46ntkKVND03kj2eS78ZVulZnwjIFEe7Sobt0Aq0%2BFBUC%2BnxPtVozWp54dredm%2B6NpB6rdod4n0xLEt7Q%2Ftcu%2Fw1vfufNxhEVs%2FJ4v5odA3BfuUXqZDHI0a5B%2F65e1Q%3D%3D
[debug] [2023-06-24T13:14:40.740Z] >>> [apiv2][body] PUT https://storage.googleapis.com/uploads-873244595808.us-central1.cloudfunctions.appspot.com/d1fb13b1-25bd-4465-a0a0-10515371164e.zip [stream]
[debug] [2023-06-24T13:14:41.519Z] <<< [apiv2][status] PUT https://storage.googleapis.com/uploads-873244595808.us-central1.cloudfunctions.appspot.com/d1fb13b1-25bd-4465-a0a0-10515371164e.zip 200
[debug] [2023-06-24T13:14:41.519Z] <<< [apiv2][body] PUT https://storage.googleapis.com/uploads-873244595808.us-central1.cloudfunctions.appspot.com/d1fb13b1-25bd-4465-a0a0-10515371164e.zip [omitted]
[info] +  functions: functions folder uploaded successfully 
[info] i  functions: updating Node.js 18 (1st Gen) function app(us-central1)... 
[debug] [2023-06-24T13:14:41.528Z] >>> [apiv2][query] PATCH https://cloudfunctions.googleapis.com/v1/projects/purple-dog-orbital-backend/locations/us-central1/functions/app updateMask=name%2CsourceUploadUrl%2CentryPoint%2Cruntime%2CdockerRegistry%2Clabels%2ChttpsTrigger.securityLevel%2CminInstances%2CmaxInstances%2CingressSettings%2CenvironmentVariables%2CserviceAccountEmail%2CavailableMemoryMb%2Ctimeout%2CvpcConnector%2CvpcConnectorEgressSettings%2CsourceToken%2CbuildEnvironmentVariables
[debug] [2023-06-24T13:14:41.528Z] >>> [apiv2][body] PATCH https://cloudfunctions.googleapis.com/v1/projects/purple-dog-orbital-backend/locations/us-central1/functions/app {"name":"projects/purple-dog-orbital-backend/locations/us-central1/functions/app","sourceUploadUrl":"https://storage.googleapis.com/uploads-873244595808.us-central1.cloudfunctions.appspot.com/d1fb13b1-25bd-4465-a0a0-10515371164e.zip?GoogleAccessId=service-867396195099@gcf-admin-robot.iam.gserviceaccount.com&Expires=1687614280&Signature=YT7rQTm4k6xoYiBZ%2FoXmWa6pED8TJRkZyUIkYtaXmW7saI6DQ2kvuHCMFZ5x5Xky%2B4bUQNwwp0etMKkEXLR1me4W3DYvG%2BhadyyIXIafIrj5vIKcfOWKwrBQlezqtUOjfkLO7WKYIUlUTfw%2BLBbZ6QWhvxQVXWlp21XGiYlJaVdgwGYTS%2Fk1fnZ44XbMuys81owxChAaxnbrsRJKGRMxSqxQ46ntkKVND03kj2eS78ZVulZnwjIFEe7Sobt0Aq0%2BFBUC%2BnxPtVozWp54dredm%2B6NpB6rdod4n0xLEt7Q%2Ftcu%2Fw1vfufNxhEVs%2FJ4v5odA3BfuUXqZDHI0a5B%2F65e1Q%3D%3D","entryPoint":"app","runtime":"nodejs18","dockerRegistry":"ARTIFACT_REGISTRY","labels":{"deployment-tool":"cli-firebase","firebase-functions-hash":"00608073d149bc1601a5f0875e5e0b8a267b718d"},"httpsTrigger":{"securityLevel":"SECURE_ALWAYS"},"minInstances":null,"maxInstances":null,"ingressSettings":null,"environmentVariables":{"FIREBASE_CONFIG":"{\"projectId\":\"purple-dog-orbital-backend\",\"storageBucket\":\"purple-dog-orbital-backend.appspot.com\"}","GCLOUD_PROJECT":"purple-dog-orbital-backend","EVENTARC_CLOUD_EVENT_SOURCE":"projects/purple-dog-orbital-backend/locations/us-central1/functions/app"},"serviceAccountEmail":null,"availableMemoryMb":null,"timeout":null,"vpcConnector":null,"vpcConnectorEgressSettings":null,"buildEnvironmentVariables":{"GOOGLE_NODE_RUN_SCRIPTS":""}}
[debug] [2023-06-24T13:14:42.175Z] <<< [apiv2][status] PATCH https://cloudfunctions.googleapis.com/v1/projects/purple-dog-orbital-backend/locations/us-central1/functions/app 200
[debug] [2023-06-24T13:14:42.176Z] <<< [apiv2][body] PATCH https://cloudfunctions.googleapis.com/v1/projects/purple-dog-orbital-backend/locations/us-central1/functions/app {"name":"operations/cHVycGxlLWRvZy1vcmJpdGFsLWJhY2tlbmQvdXMtY2VudHJhbDEvYXBwL1htUmpfenNudXlJ","metadata":{"@type":"type.googleapis.com/google.cloud.functions.v1.OperationMetadataV1","target":"projects/purple-dog-orbital-backend/locations/us-central1/functions/app","type":"UPDATE_FUNCTION","request":{"@type":"type.googleapis.com/google.cloud.functions.v1.CloudFunction","name":"projects/purple-dog-orbital-backend/locations/us-central1/functions/app","httpsTrigger":{"url":"https://us-central1-purple-dog-orbital-backend.cloudfunctions.net/app","securityLevel":"SECURE_ALWAYS"},"status":"ACTIVE","entryPoint":"app","updateTime":"2023-06-16T12:12:05.218Z","versionId":"6","labels":{"deployment-tool":"cli-firebase","firebase-functions-hash":"00608073d149bc1601a5f0875e5e0b8a267b718d"},"sourceUploadUrl":"https://storage.googleapis.com/uploads-873244595808.us-central1.cloudfunctions.appspot.com/d1fb13b1-25bd-4465-a0a0-10515371164e.zip?GoogleAccessId=service-867396195099@gcf-admin-robot.iam.gserviceaccount.com&Expires=1687614280&Signature=YT7rQTm4k6xoYiBZ%2FoXmWa6pED8TJRkZyUIkYtaXmW7saI6DQ2kvuHCMFZ5x5Xky%2B4bUQNwwp0etMKkEXLR1me4W3DYvG%2BhadyyIXIafIrj5vIKcfOWKwrBQlezqtUOjfkLO7WKYIUlUTfw%2BLBbZ6QWhvxQVXWlp21XGiYlJaVdgwGYTS%2Fk1fnZ44XbMuys81owxChAaxnbrsRJKGRMxSqxQ46ntkKVND03kj2eS78ZVulZnwjIFEe7Sobt0Aq0%2BFBUC%2BnxPtVozWp54dredm%2B6NpB6rdod4n0xLEt7Q%2Ftcu%2Fw1vfufNxhEVs%2FJ4v5odA3BfuUXqZDHI0a5B%2F65e1Q%3D%3D","environmentVariables":{"FIREBASE_CONFIG":"{\"projectId\":\"purple-dog-orbital-backend\",\"storageBucket\":\"purple-dog-orbital-backend.appspot.com\"}","GCLOUD_PROJECT":"purple-dog-orbital-backend","EVENTARC_CLOUD_EVENT_SOURCE":"projects/purple-dog-orbital-backend/locations/us-central1/functions/app"},"runtime":"nodejs18","buildId":"a36739d2-45f1-4962-a3f4-7dc56cb168cf","buildEnvironmentVariables":{"GOOGLE_NODE_RUN_SCRIPTS":""},"buildName":"projects/867396195099/locations/us-central1/builds/a36739d2-45f1-4962-a3f4-7dc56cb168cf","dockerRegistry":"ARTIFACT_REGISTRY"},"versionId":"7","updateTime":"2023-06-24T13:14:42Z"}}
[debug] [2023-06-24T13:14:42.176Z] >>> [apiv2][query] GET https://cloudfunctions.googleapis.com/v1/operations/cHVycGxlLWRvZy1vcmJpdGFsLWJhY2tlbmQvdXMtY2VudHJhbDEvYXBwL1htUmpfenNudXlJ [none]
[debug] [2023-06-24T13:14:42.458Z] <<< [apiv2][status] GET https://cloudfunctions.googleapis.com/v1/operations/cHVycGxlLWRvZy1vcmJpdGFsLWJhY2tlbmQvdXMtY2VudHJhbDEvYXBwL1htUmpfenNudXlJ 200
[debug] [2023-06-24T13:14:42.458Z] <<< [apiv2][body] GET https://cloudfunctions.googleapis.com/v1/operations/cHVycGxlLWRvZy1vcmJpdGFsLWJhY2tlbmQvdXMtY2VudHJhbDEvYXBwL1htUmpfenNudXlJ {"name":"operations/cHVycGxlLWRvZy1vcmJpdGFsLWJhY2tlbmQvdXMtY2VudHJhbDEvYXBwL1htUmpfenNudXlJ","metadata":{"@type":"type.googleapis.com/google.cloud.functions.v1.OperationMetadataV1","target":"projects/purple-dog-orbital-backend/locations/us-central1/functions/app","type":"UPDATE_FUNCTION","request":{"@type":"type.googleapis.com/google.cloud.functions.v1.CloudFunction","name":"projects/purple-dog-orbital-backend/locations/us-central1/functions/app","httpsTrigger":{"url":"https://us-central1-purple-dog-orbital-backend.cloudfunctions.net/app","securityLevel":"SECURE_ALWAYS"},"status":"ACTIVE","entryPoint":"app","updateTime":"2023-06-16T12:12:05.218Z","versionId":"6","labels":{"deployment-tool":"cli-firebase","firebase-functions-hash":"00608073d149bc1601a5f0875e5e0b8a267b718d"},"sourceUploadUrl":"https://storage.googleapis.com/uploads-873244595808.us-central1.cloudfunctions.appspot.com/d1fb13b1-25bd-4465-a0a0-10515371164e.zip?GoogleAccessId=service-867396195099@gcf-admin-robot.iam.gserviceaccount.com&Expires=1687614280&Signature=YT7rQTm4k6xoYiBZ%2FoXmWa6pED8TJRkZyUIkYtaXmW7saI6DQ2kvuHCMFZ5x5Xky%2B4bUQNwwp0etMKkEXLR1me4W3DYvG%2BhadyyIXIafIrj5vIKcfOWKwrBQlezqtUOjfkLO7WKYIUlUTfw%2BLBbZ6QWhvxQVXWlp21XGiYlJaVdgwGYTS%2Fk1fnZ44XbMuys81owxChAaxnbrsRJKGRMxSqxQ46ntkKVND03kj2eS78ZVulZnwjIFEe7Sobt0Aq0%2BFBUC%2BnxPtVozWp54dredm%2B6NpB6rdod4n0xLEt7Q%2Ftcu%2Fw1vfufNxhEVs%2FJ4v5odA3BfuUXqZDHI0a5B%2F65e1Q%3D%3D","environmentVariables":{"FIREBASE_CONFIG":"{\"projectId\":\"purple-dog-orbital-backend\",\"storageBucket\":\"purple-dog-orbital-backend.appspot.com\"}","GCLOUD_PROJECT":"purple-dog-orbital-backend","EVENTARC_CLOUD_EVENT_SOURCE":"projects/purple-dog-orbital-backend/locations/us-central1/functions/app"},"runtime":"nodejs18","buildId":"a36739d2-45f1-4962-a3f4-7dc56cb168cf","buildEnvironmentVariables":{"GOOGLE_NODE_RUN_SCRIPTS":""},"buildName":"projects/867396195099/locations/us-central1/builds/a36739d2-45f1-4962-a3f4-7dc56cb168cf","dockerRegistry":"ARTIFACT_REGISTRY"},"versionId":"7","updateTime":"2023-06-24T13:14:42Z"}}
[debug] [2023-06-24T13:14:42.974Z] [update-default-us-central1-app] Retrying task index 0
[debug] [2023-06-24T13:14:42.974Z] >>> [apiv2][query] GET https://cloudfunctions.googleapis.com/v1/operations/cHVycGxlLWRvZy1vcmJpdGFsLWJhY2tlbmQvdXMtY2VudHJhbDEvYXBwL1htUmpfenNudXlJ [none]
[debug] [2023-06-24T13:14:43.281Z] <<< [apiv2][status] GET https://cloudfunctions.googleapis.com/v1/operations/cHVycGxlLWRvZy1vcmJpdGFsLWJhY2tlbmQvdXMtY2VudHJhbDEvYXBwL1htUmpfenNudXlJ 200
[debug] [2023-06-24T13:14:43.281Z] <<< [apiv2][body] GET https://cloudfunctions.googleapis.com/v1/operations/cHVycGxlLWRvZy1vcmJpdGFsLWJhY2tlbmQvdXMtY2VudHJhbDEvYXBwL1htUmpfenNudXlJ {"name":"operations/cHVycGxlLWRvZy1vcmJpdGFsLWJhY2tlbmQvdXMtY2VudHJhbDEvYXBwL1htUmpfenNudXlJ","metadata":{"@type":"type.googleapis.com/google.cloud.functions.v1.OperationMetadataV1","target":"projects/purple-dog-orbital-backend/locations/us-central1/functions/app","type":"UPDATE_FUNCTION","request":{"@type":"type.googleapis.com/google.cloud.functions.v1.CloudFunction","name":"projects/purple-dog-orbital-backend/locations/us-central1/functions/app","httpsTrigger":{"url":"https://us-central1-purple-dog-orbital-backend.cloudfunctions.net/app","securityLevel":"SECURE_ALWAYS"},"status":"ACTIVE","entryPoint":"app","updateTime":"2023-06-16T12:12:05.218Z","versionId":"6","labels":{"deployment-tool":"cli-firebase","firebase-functions-hash":"00608073d149bc1601a5f0875e5e0b8a267b718d"},"sourceUploadUrl":"https://storage.googleapis.com/uploads-873244595808.us-central1.cloudfunctions.appspot.com/d1fb13b1-25bd-4465-a0a0-10515371164e.zip?GoogleAccessId=service-867396195099@gcf-admin-robot.iam.gserviceaccount.com&Expires=1687614280&Signature=YT7rQTm4k6xoYiBZ%2FoXmWa6pED8TJRkZyUIkYtaXmW7saI6DQ2kvuHCMFZ5x5Xky%2B4bUQNwwp0etMKkEXLR1me4W3DYvG%2BhadyyIXIafIrj5vIKcfOWKwrBQlezqtUOjfkLO7WKYIUlUTfw%2BLBbZ6QWhvxQVXWlp21XGiYlJaVdgwGYTS%2Fk1fnZ44XbMuys81owxChAaxnbrsRJKGRMxSqxQ46ntkKVND03kj2eS78ZVulZnwjIFEe7Sobt0Aq0%2BFBUC%2BnxPtVozWp54dredm%2B6NpB6rdod4n0xLEt7Q%2Ftcu%2Fw1vfufNxhEVs%2FJ4v5odA3BfuUXqZDHI0a5B%2F65e1Q%3D%3D","environmentVariables":{"FIREBASE_CONFIG":"{\"projectId\":\"purple-dog-orbital-backend\",\"storageBucket\":\"purple-dog-orbital-backend.appspot.com\"}","GCLOUD_PROJECT":"purple-dog-orbital-backend","EVENTARC_CLOUD_EVENT_SOURCE":"projects/purple-dog-orbital-backend/locations/us-central1/functions/app"},"runtime":"nodejs18","buildId":"a36739d2-45f1-4962-a3f4-7dc56cb168cf","buildEnvironmentVariables":{"GOOGLE_NODE_RUN_SCRIPTS":""},"buildName":"projects/867396195099/locations/us-central1/builds/a36739d2-45f1-4962-a3f4-7dc56cb168cf","dockerRegistry":"ARTIFACT_REGISTRY"},"versionId":"7","updateTime":"2023-06-24T13:14:42Z","buildId":"27dcbf0e-7b9a-4f02-bdbe-54cbf3354262","buildName":"projects/867396195099/locations/us-central1/builds/27dcbf0e-7b9a-4f02-bdbe-54cbf3354262"}}
[debug] [2023-06-24T13:14:44.297Z] [update-default-us-central1-app] Retrying task index 0
[debug] [2023-06-24T13:14:44.297Z] >>> [apiv2][query] GET https://cloudfunctions.googleapis.com/v1/operations/cHVycGxlLWRvZy1vcmJpdGFsLWJhY2tlbmQvdXMtY2VudHJhbDEvYXBwL1htUmpfenNudXlJ [none]
[debug] [2023-06-24T13:14:44.589Z] <<< [apiv2][status] GET https://cloudfunctions.googleapis.com/v1/operations/cHVycGxlLWRvZy1vcmJpdGFsLWJhY2tlbmQvdXMtY2VudHJhbDEvYXBwL1htUmpfenNudXlJ 200
[debug] [2023-06-24T13:14:44.589Z] <<< [apiv2][body] GET https://cloudfunctions.googleapis.com/v1/operations/cHVycGxlLWRvZy1vcmJpdGFsLWJhY2tlbmQvdXMtY2VudHJhbDEvYXBwL1htUmpfenNudXlJ {"name":"operations/cHVycGxlLWRvZy1vcmJpdGFsLWJhY2tlbmQvdXMtY2VudHJhbDEvYXBwL1htUmpfenNudXlJ","metadata":{"@type":"type.googleapis.com/google.cloud.functions.v1.OperationMetadataV1","target":"projects/purple-dog-orbital-backend/locations/us-central1/functions/app","type":"UPDATE_FUNCTION","request":{"@type":"type.googleapis.com/google.cloud.functions.v1.CloudFunction","name":"projects/purple-dog-orbital-backend/locations/us-central1/functions/app","httpsTrigger":{"url":"https://us-central1-purple-dog-orbital-backend.cloudfunctions.net/app","securityLevel":"SECURE_ALWAYS"},"status":"ACTIVE","entryPoint":"app","updateTime":"2023-06-16T12:12:05.218Z","versionId":"6","labels":{"deployment-tool":"cli-firebase","firebase-functions-hash":"00608073d149bc1601a5f0875e5e0b8a267b718d"},"sourceUploadUrl":"https://storage.googleapis.com/uploads-873244595808.us-central1.cloudfunctions.appspot.com/d1fb13b1-25bd-4465-a0a0-10515371164e.zip?GoogleAccessId=service-867396195099@gcf-admin-robot.iam.gserviceaccount.com&Expires=1687614280&Signature=YT7rQTm4k6xoYiBZ%2FoXmWa6pED8TJRkZyUIkYtaXmW7saI6DQ2kvuHCMFZ5x5Xky%2B4bUQNwwp0etMKkEXLR1me4W3DYvG%2BhadyyIXIafIrj5vIKcfOWKwrBQlezqtUOjfkLO7WKYIUlUTfw%2BLBbZ6QWhvxQVXWlp21XGiYlJaVdgwGYTS%2Fk1fnZ44XbMuys81owxChAaxnbrsRJKGRMxSqxQ46ntkKVND03kj2eS78ZVulZnwjIFEe7Sobt0Aq0%2BFBUC%2BnxPtVozWp54dredm%2B6NpB6rdod4n0xLEt7Q%2Ftcu%2Fw1vfufNxhEVs%2FJ4v5odA3BfuUXqZDHI0a5B%2F65e1Q%3D%3D","environmentVariables":{"FIREBASE_CONFIG":"{\"projectId\":\"purple-dog-orbital-backend\",\"storageBucket\":\"purple-dog-orbital-backend.appspot.com\"}","GCLOUD_PROJECT":"purple-dog-orbital-backend","EVENTARC_CLOUD_EVENT_SOURCE":"projects/purple-dog-orbital-backend/locations/us-central1/functions/app"},"runtime":"nodejs18","buildId":"a36739d2-45f1-4962-a3f4-7dc56cb168cf","buildEnvironmentVariables":{"GOOGLE_NODE_RUN_SCRIPTS":""},"buildName":"projects/867396195099/locations/us-central1/builds/a36739d2-45f1-4962-a3f4-7dc56cb168cf","dockerRegistry":"ARTIFACT_REGISTRY"},"versionId":"7","updateTime":"2023-06-24T13:14:42Z","buildId":"27dcbf0e-7b9a-4f02-bdbe-54cbf3354262","buildName":"projects/867396195099/locations/us-central1/builds/27dcbf0e-7b9a-4f02-bdbe-54cbf3354262"}}
[debug] [2023-06-24T13:14:46.592Z] [update-default-us-central1-app] Retrying task index 0
[debug] [2023-06-24T13:14:46.592Z] >>> [apiv2][query] GET https://cloudfunctions.googleapis.com/v1/operations/cHVycGxlLWRvZy1vcmJpdGFsLWJhY2tlbmQvdXMtY2VudHJhbDEvYXBwL1htUmpfenNudXlJ [none]
[debug] [2023-06-24T13:14:46.929Z] <<< [apiv2][status] GET https://cloudfunctions.googleapis.com/v1/operations/cHVycGxlLWRvZy1vcmJpdGFsLWJhY2tlbmQvdXMtY2VudHJhbDEvYXBwL1htUmpfenNudXlJ 200
[debug] [2023-06-24T13:14:46.929Z] <<< [apiv2][body] GET https://cloudfunctions.googleapis.com/v1/operations/cHVycGxlLWRvZy1vcmJpdGFsLWJhY2tlbmQvdXMtY2VudHJhbDEvYXBwL1htUmpfenNudXlJ {"name":"operations/cHVycGxlLWRvZy1vcmJpdGFsLWJhY2tlbmQvdXMtY2VudHJhbDEvYXBwL1htUmpfenNudXlJ","metadata":{"@type":"type.googleapis.com/google.cloud.functions.v1.OperationMetadataV1","target":"projects/purple-dog-orbital-backend/locations/us-central1/functions/app","type":"UPDATE_FUNCTION","request":{"@type":"type.googleapis.com/google.cloud.functions.v1.CloudFunction","name":"projects/purple-dog-orbital-backend/locations/us-central1/functions/app","httpsTrigger":{"url":"https://us-central1-purple-dog-orbital-backend.cloudfunctions.net/app","securityLevel":"SECURE_ALWAYS"},"status":"ACTIVE","entryPoint":"app","updateTime":"2023-06-16T12:12:05.218Z","versionId":"6","labels":{"deployment-tool":"cli-firebase","firebase-functions-hash":"00608073d149bc1601a5f0875e5e0b8a267b718d"},"sourceUploadUrl":"https://storage.googleapis.com/uploads-873244595808.us-central1.cloudfunctions.appspot.com/d1fb13b1-25bd-4465-a0a0-10515371164e.zip?GoogleAccessId=service-867396195099@gcf-admin-robot.iam.gserviceaccount.com&Expires=1687614280&Signature=YT7rQTm4k6xoYiBZ%2FoXmWa6pED8TJRkZyUIkYtaXmW7saI6DQ2kvuHCMFZ5x5Xky%2B4bUQNwwp0etMKkEXLR1me4W3DYvG%2BhadyyIXIafIrj5vIKcfOWKwrBQlezqtUOjfkLO7WKYIUlUTfw%2BLBbZ6QWhvxQVXWlp21XGiYlJaVdgwGYTS%2Fk1fnZ44XbMuys81owxChAaxnbrsRJKGRMxSqxQ46ntkKVND03kj2eS78ZVulZnwjIFEe7Sobt0Aq0%2BFBUC%2BnxPtVozWp54dredm%2B6NpB6rdod4n0xLEt7Q%2Ftcu%2Fw1vfufNxhEVs%2FJ4v5odA3BfuUXqZDHI0a5B%2F65e1Q%3D%3D","environmentVariables":{"FIREBASE_CONFIG":"{\"projectId\":\"purple-dog-orbital-backend\",\"storageBucket\":\"purple-dog-orbital-backend.appspot.com\"}","GCLOUD_PROJECT":"purple-dog-orbital-backend","EVENTARC_CLOUD_EVENT_SOURCE":"projects/purple-dog-orbital-backend/locations/us-central1/functions/app"},"runtime":"nodejs18","buildId":"a36739d2-45f1-4962-a3f4-7dc56cb168cf","buildEnvironmentVariables":{"GOOGLE_NODE_RUN_SCRIPTS":""},"buildName":"projects/867396195099/locations/us-central1/builds/a36739d2-45f1-4962-a3f4-7dc56cb168cf","dockerRegistry":"ARTIFACT_REGISTRY"},"versionId":"7","updateTime":"2023-06-24T13:14:42Z","buildId":"27dcbf0e-7b9a-4f02-bdbe-54cbf3354262","buildName":"projects/867396195099/locations/us-central1/builds/27dcbf0e-7b9a-4f02-bdbe-54cbf3354262"}}
[debug] [2023-06-24T13:14:50.935Z] [update-default-us-central1-app] Retrying task index 0
[debug] [2023-06-24T13:14:50.935Z] >>> [apiv2][query] GET https://cloudfunctions.googleapis.com/v1/operations/cHVycGxlLWRvZy1vcmJpdGFsLWJhY2tlbmQvdXMtY2VudHJhbDEvYXBwL1htUmpfenNudXlJ [none]
[debug] [2023-06-24T13:14:51.226Z] <<< [apiv2][status] GET https://cloudfunctions.googleapis.com/v1/operations/cHVycGxlLWRvZy1vcmJpdGFsLWJhY2tlbmQvdXMtY2VudHJhbDEvYXBwL1htUmpfenNudXlJ 200
[debug] [2023-06-24T13:14:51.226Z] <<< [apiv2][body] GET https://cloudfunctions.googleapis.com/v1/operations/cHVycGxlLWRvZy1vcmJpdGFsLWJhY2tlbmQvdXMtY2VudHJhbDEvYXBwL1htUmpfenNudXlJ {"name":"operations/cHVycGxlLWRvZy1vcmJpdGFsLWJhY2tlbmQvdXMtY2VudHJhbDEvYXBwL1htUmpfenNudXlJ","metadata":{"@type":"type.googleapis.com/google.cloud.functions.v1.OperationMetadataV1","target":"projects/purple-dog-orbital-backend/locations/us-central1/functions/app","type":"UPDATE_FUNCTION","request":{"@type":"type.googleapis.com/google.cloud.functions.v1.CloudFunction","name":"projects/purple-dog-orbital-backend/locations/us-central1/functions/app","httpsTrigger":{"url":"https://us-central1-purple-dog-orbital-backend.cloudfunctions.net/app","securityLevel":"SECURE_ALWAYS"},"status":"ACTIVE","entryPoint":"app","updateTime":"2023-06-16T12:12:05.218Z","versionId":"6","labels":{"deployment-tool":"cli-firebase","firebase-functions-hash":"00608073d149bc1601a5f0875e5e0b8a267b718d"},"sourceUploadUrl":"https://storage.googleapis.com/uploads-873244595808.us-central1.cloudfunctions.appspot.com/d1fb13b1-25bd-4465-a0a0-10515371164e.zip?GoogleAccessId=service-867396195099@gcf-admin-robot.iam.gserviceaccount.com&Expires=1687614280&Signature=YT7rQTm4k6xoYiBZ%2FoXmWa6pED8TJRkZyUIkYtaXmW7saI6DQ2kvuHCMFZ5x5Xky%2B4bUQNwwp0etMKkEXLR1me4W3DYvG%2BhadyyIXIafIrj5vIKcfOWKwrBQlezqtUOjfkLO7WKYIUlUTfw%2BLBbZ6QWhvxQVXWlp21XGiYlJaVdgwGYTS%2Fk1fnZ44XbMuys81owxChAaxnbrsRJKGRMxSqxQ46ntkKVND03kj2eS78ZVulZnwjIFEe7Sobt0Aq0%2BFBUC%2BnxPtVozWp54dredm%2B6NpB6rdod4n0xLEt7Q%2Ftcu%2Fw1vfufNxhEVs%2FJ4v5odA3BfuUXqZDHI0a5B%2F65e1Q%3D%3D","environmentVariables":{"FIREBASE_CONFIG":"{\"projectId\":\"purple-dog-orbital-backend\",\"storageBucket\":\"purple-dog-orbital-backend.appspot.com\"}","GCLOUD_PROJECT":"purple-dog-orbital-backend","EVENTARC_CLOUD_EVENT_SOURCE":"projects/purple-dog-orbital-backend/locations/us-central1/functions/app"},"runtime":"nodejs18","buildId":"a36739d2-45f1-4962-a3f4-7dc56cb168cf","buildEnvironmentVariables":{"GOOGLE_NODE_RUN_SCRIPTS":""},"buildName":"projects/867396195099/locations/us-central1/builds/a36739d2-45f1-4962-a3f4-7dc56cb168cf","dockerRegistry":"ARTIFACT_REGISTRY"},"versionId":"7","updateTime":"2023-06-24T13:14:42Z","buildId":"27dcbf0e-7b9a-4f02-bdbe-54cbf3354262","buildName":"projects/867396195099/locations/us-central1/builds/27dcbf0e-7b9a-4f02-bdbe-54cbf3354262"}}
[debug] [2023-06-24T13:14:59.236Z] [update-default-us-central1-app] Retrying task index 0
[debug] [2023-06-24T13:14:59.236Z] >>> [apiv2][query] GET https://cloudfunctions.googleapis.com/v1/operations/cHVycGxlLWRvZy1vcmJpdGFsLWJhY2tlbmQvdXMtY2VudHJhbDEvYXBwL1htUmpfenNudXlJ [none]
[debug] [2023-06-24T13:14:59.528Z] <<< [apiv2][status] GET https://cloudfunctions.googleapis.com/v1/operations/cHVycGxlLWRvZy1vcmJpdGFsLWJhY2tlbmQvdXMtY2VudHJhbDEvYXBwL1htUmpfenNudXlJ 200
[debug] [2023-06-24T13:14:59.528Z] <<< [apiv2][body] GET https://cloudfunctions.googleapis.com/v1/operations/cHVycGxlLWRvZy1vcmJpdGFsLWJhY2tlbmQvdXMtY2VudHJhbDEvYXBwL1htUmpfenNudXlJ {"name":"operations/cHVycGxlLWRvZy1vcmJpdGFsLWJhY2tlbmQvdXMtY2VudHJhbDEvYXBwL1htUmpfenNudXlJ","metadata":{"@type":"type.googleapis.com/google.cloud.functions.v1.OperationMetadataV1","target":"projects/purple-dog-orbital-backend/locations/us-central1/functions/app","type":"UPDATE_FUNCTION","request":{"@type":"type.googleapis.com/google.cloud.functions.v1.CloudFunction","name":"projects/purple-dog-orbital-backend/locations/us-central1/functions/app","httpsTrigger":{"url":"https://us-central1-purple-dog-orbital-backend.cloudfunctions.net/app","securityLevel":"SECURE_ALWAYS"},"status":"ACTIVE","entryPoint":"app","updateTime":"2023-06-16T12:12:05.218Z","versionId":"6","labels":{"deployment-tool":"cli-firebase","firebase-functions-hash":"00608073d149bc1601a5f0875e5e0b8a267b718d"},"sourceUploadUrl":"https://storage.googleapis.com/uploads-873244595808.us-central1.cloudfunctions.appspot.com/d1fb13b1-25bd-4465-a0a0-10515371164e.zip?GoogleAccessId=service-867396195099@gcf-admin-robot.iam.gserviceaccount.com&Expires=1687614280&Signature=YT7rQTm4k6xoYiBZ%2FoXmWa6pED8TJRkZyUIkYtaXmW7saI6DQ2kvuHCMFZ5x5Xky%2B4bUQNwwp0etMKkEXLR1me4W3DYvG%2BhadyyIXIafIrj5vIKcfOWKwrBQlezqtUOjfkLO7WKYIUlUTfw%2BLBbZ6QWhvxQVXWlp21XGiYlJaVdgwGYTS%2Fk1fnZ44XbMuys81owxChAaxnbrsRJKGRMxSqxQ46ntkKVND03kj2eS78ZVulZnwjIFEe7Sobt0Aq0%2BFBUC%2BnxPtVozWp54dredm%2B6NpB6rdod4n0xLEt7Q%2Ftcu%2Fw1vfufNxhEVs%2FJ4v5odA3BfuUXqZDHI0a5B%2F65e1Q%3D%3D","environmentVariables":{"FIREBASE_CONFIG":"{\"projectId\":\"purple-dog-orbital-backend\",\"storageBucket\":\"purple-dog-orbital-backend.appspot.com\"}","GCLOUD_PROJECT":"purple-dog-orbital-backend","EVENTARC_CLOUD_EVENT_SOURCE":"projects/purple-dog-orbital-backend/locations/us-central1/functions/app"},"runtime":"nodejs18","buildId":"a36739d2-45f1-4962-a3f4-7dc56cb168cf","buildEnvironmentVariables":{"GOOGLE_NODE_RUN_SCRIPTS":""},"buildName":"projects/867396195099/locations/us-central1/builds/a36739d2-45f1-4962-a3f4-7dc56cb168cf","dockerRegistry":"ARTIFACT_REGISTRY"},"versionId":"7","updateTime":"2023-06-24T13:14:42Z","buildId":"27dcbf0e-7b9a-4f02-bdbe-54cbf3354262","buildName":"projects/867396195099/locations/us-central1/builds/27dcbf0e-7b9a-4f02-bdbe-54cbf3354262"}}
[debug] [2023-06-24T13:15:09.537Z] [update-default-us-central1-app] Retrying task index 0
[debug] [2023-06-24T13:15:09.538Z] >>> [apiv2][query] GET https://cloudfunctions.googleapis.com/v1/operations/cHVycGxlLWRvZy1vcmJpdGFsLWJhY2tlbmQvdXMtY2VudHJhbDEvYXBwL1htUmpfenNudXlJ [none]
[debug] [2023-06-24T13:15:09.877Z] <<< [apiv2][status] GET https://cloudfunctions.googleapis.com/v1/operations/cHVycGxlLWRvZy1vcmJpdGFsLWJhY2tlbmQvdXMtY2VudHJhbDEvYXBwL1htUmpfenNudXlJ 200
[debug] [2023-06-24T13:15:09.878Z] <<< [apiv2][body] GET https://cloudfunctions.googleapis.com/v1/operations/cHVycGxlLWRvZy1vcmJpdGFsLWJhY2tlbmQvdXMtY2VudHJhbDEvYXBwL1htUmpfenNudXlJ {"name":"operations/cHVycGxlLWRvZy1vcmJpdGFsLWJhY2tlbmQvdXMtY2VudHJhbDEvYXBwL1htUmpfenNudXlJ","metadata":{"@type":"type.googleapis.com/google.cloud.functions.v1.OperationMetadataV1","target":"projects/purple-dog-orbital-backend/locations/us-central1/functions/app","type":"UPDATE_FUNCTION","request":{"@type":"type.googleapis.com/google.cloud.functions.v1.CloudFunction","name":"projects/purple-dog-orbital-backend/locations/us-central1/functions/app","httpsTrigger":{"url":"https://us-central1-purple-dog-orbital-backend.cloudfunctions.net/app","securityLevel":"SECURE_ALWAYS"},"status":"ACTIVE","entryPoint":"app","updateTime":"2023-06-16T12:12:05.218Z","versionId":"6","labels":{"deployment-tool":"cli-firebase","firebase-functions-hash":"00608073d149bc1601a5f0875e5e0b8a267b718d"},"sourceUploadUrl":"https://storage.googleapis.com/uploads-873244595808.us-central1.cloudfunctions.appspot.com/d1fb13b1-25bd-4465-a0a0-10515371164e.zip?GoogleAccessId=service-867396195099@gcf-admin-robot.iam.gserviceaccount.com&Expires=1687614280&Signature=YT7rQTm4k6xoYiBZ%2FoXmWa6pED8TJRkZyUIkYtaXmW7saI6DQ2kvuHCMFZ5x5Xky%2B4bUQNwwp0etMKkEXLR1me4W3DYvG%2BhadyyIXIafIrj5vIKcfOWKwrBQlezqtUOjfkLO7WKYIUlUTfw%2BLBbZ6QWhvxQVXWlp21XGiYlJaVdgwGYTS%2Fk1fnZ44XbMuys81owxChAaxnbrsRJKGRMxSqxQ46ntkKVND03kj2eS78ZVulZnwjIFEe7Sobt0Aq0%2BFBUC%2BnxPtVozWp54dredm%2B6NpB6rdod4n0xLEt7Q%2Ftcu%2Fw1vfufNxhEVs%2FJ4v5odA3BfuUXqZDHI0a5B%2F65e1Q%3D%3D","environmentVariables":{"FIREBASE_CONFIG":"{\"projectId\":\"purple-dog-orbital-backend\",\"storageBucket\":\"purple-dog-orbital-backend.appspot.com\"}","GCLOUD_PROJECT":"purple-dog-orbital-backend","EVENTARC_CLOUD_EVENT_SOURCE":"projects/purple-dog-orbital-backend/locations/us-central1/functions/app"},"runtime":"nodejs18","buildId":"a36739d2-45f1-4962-a3f4-7dc56cb168cf","buildEnvironmentVariables":{"GOOGLE_NODE_RUN_SCRIPTS":""},"buildName":"projects/867396195099/locations/us-central1/builds/a36739d2-45f1-4962-a3f4-7dc56cb168cf","dockerRegistry":"ARTIFACT_REGISTRY"},"versionId":"7","updateTime":"2023-06-24T13:14:42Z","buildId":"27dcbf0e-7b9a-4f02-bdbe-54cbf3354262","buildName":"projects/867396195099/locations/us-central1/builds/27dcbf0e-7b9a-4f02-bdbe-54cbf3354262"}}
